c:\users\ptrof\source\repos\project1\project1\x64\debug\vc143.pdb
c:\users\ptrof\source\repos\project1\project1\x64\debug\vc143.idb
c:\users\ptrof\source\repos\project1\project1\x64\debug\collections.obj
c:\users\ptrof\source\repos\project1\project1\x64\debug\util.obj
c:\users\ptrof\source\repos\project1\project1\x64\debug\parsing.obj
c:\users\ptrof\source\repos\project1\project1\x64\debug\main.obj
c:\users\ptrof\source\repos\project1\project1\x64\debug\cfgraph.obj
c:\users\ptrof\source\repos\project1\x64\debug\project1.lib
c:\users\ptrof\source\repos\project1\x64\debug\project1.exp
c:\users\ptrof\source\repos\project1\x64\debug\project1.exe
c:\users\ptrof\source\repos\project1\project1\x64\debug\project1.ilk
c:\users\ptrof\source\repos\project1\x64\debug\project1.pdb
c:\users\ptrof\source\repos\project1\project1\x64\debug\project1.tlog\cl.command.1.tlog
c:\users\ptrof\source\repos\project1\project1\x64\debug\project1.tlog\cl.items.tlog
c:\users\ptrof\source\repos\project1\project1\x64\debug\project1.tlog\cl.read.1.tlog
c:\users\ptrof\source\repos\project1\project1\x64\debug\project1.tlog\cl.write.1.tlog
c:\users\ptrof\source\repos\project1\project1\x64\debug\project1.tlog\link.command.1.tlog
c:\users\ptrof\source\repos\project1\project1\x64\debug\project1.tlog\link.read.1.tlog
c:\users\ptrof\source\repos\project1\project1\x64\debug\project1.tlog\link.write.1.tlog
c:\users\ptrof\source\repos\project1\project1\x64\debug\project1.tlog\link.write.2u.tlog
